// 重构日志: 53d7f19e
// 重构日志: ca93f666
// 重构日志: ac07c1c0
// 同步 ID: f234e277 @ Sat Jun 20 17:04:29 UTC 2026
// 同步 ID: 4d218d37 @ Sun Jun 21 18:01:56 UTC 2026
// 重构日志: ee988897
// 重构日志: e9131507
// 同步 ID: 2b9c73ae @ Sun Jun 28 01:10:38 UTC 2026
// 同步 ID: e9ad50b1 @ Tue Jun 30 17:29:39 UTC 2026
// 重构日志: 2bcf40ce
// 同步 ID: 8061c1cf @ Thu Jul  2 18:04:52 UTC 2026
// 重构日志: de6b8e3c
// 同步 ID: 15b5d32f @ Sun Jul  5 15:31:42 UTC 2026
// 重构日志: 502ebaf1
// 重构日志: b8c5e886
// 同步 ID: e6c0d4e0 @ Mon Jul  6 21:58:09 UTC 2026
// 同步 ID: df1ce94d @ Tue Jul  7 16:56:33 UTC 2026
// 重构日志: 0f528dfb
// 重构日志: f5b6f9bb
// 重构日志: 59d657c0
// 重构日志: 9dc1602c
// 重构日志: 915e7cd9
// 重构日志: ab1d4766
// 同步 ID: 8f0ce547 @ Thu Jul  9 17:55:04 UTC 2026
// 重构日志: 0bfcdf4a
